The system is: Windows - 10.0.17134 - AMD64
Compiling the C compiler identification source file "CMakeCCompilerId.c" succeeded.
Compiler: C:/Program Files (x86)/Microsoft Visual Studio/2017/Community/VC/Tools/MSVC/14.15.26726/bin/Hostx86/x86/cl.exe 
Build flags: 
Id flags:  

The output was:
0
Microsoft (R) C/C++ Optimizing Compiler Version 19.15.26730 for x86
Copyright (C) Microsoft Corporation.  All rights reserved.

CMakeCCompilerId.c
Microsoft (R) Incremental Linker Version 14.15.26730.0
Copyright (C) Microsoft Corporation.  All rights reserved.

/out:CMakeCCompilerId.exe 
CMakeCCompilerId.obj 


Compilation of the C compiler identification source "CMakeCCompilerId.c" produced "CMakeCCompilerId.exe"

Compilation of the C compiler identification source "CMakeCCompilerId.c" produced "CMakeCCompilerId.obj"

The C compiler identification is MSVC, found in "C:/Users/hugom/Desktop/ft_regex/cmake-build-debug/CMakeFiles/3.12.3/CompilerIdC/CMakeCCompilerId.exe"

Determining if the C compiler works passed with the following output:
Change Dir: C:/Users/hugom/Desktop/ft_regex/cmake-build-debug/CMakeFiles/CMakeTmp

Run Build Command:"nmake" "/nologo" "cmTC_691d4\fast"
	"C:\Program Files (x86)\Microsoft Visual Studio\2017\Community\VC\Tools\MSVC\14.15.26726\bin\HostX86\x86\nmake.exe" -f CMakeFiles\cmTC_691d4.dir\build.make /nologo -L                  CMakeFiles\cmTC_691d4.dir\build
Building C object CMakeFiles/cmTC_691d4.dir/testCCompiler.c.obj
	C:\PROGRA~2\MICROS~2\2017\COMMUN~1\VC\Tools\MSVC\1415~1.267\bin\Hostx86\x86\cl.exe @C:\Users\hugom\AppData\Local\Temp\nm18B1.tmp
testCCompiler.c
Linking C executable cmTC_691d4.exe
	"C:\Program Files\JetBrains\CLion 2018.2.5\bin\cmake\win\bin\cmake.exe" -E vs_link_exe --intdir=CMakeFiles\cmTC_691d4.dir --manifests  -- C:\PROGRA~2\MICROS~2\2017\COMMUN~1\VC\Tools\MSVC\1415~1.267\bin\Hostx86\x86\link.exe /nologo @CMakeFiles\cmTC_691d4.dir\objects1.rsp @C:\Users\hugom\AppData\Local\Temp\nm1A49.tmp


Detecting C compiler ABI info compiled with the following output:
Change Dir: C:/Users/hugom/Desktop/ft_regex/cmake-build-debug/CMakeFiles/CMakeTmp

Run Build Command:"nmake" "/nologo" "cmTC_a5359\fast"
	"C:\Program Files (x86)\Microsoft Visual Studio\2017\Community\VC\Tools\MSVC\14.15.26726\bin\HostX86\x86\nmake.exe" -f CMakeFiles\cmTC_a5359.dir\build.make /nologo -L                  CMakeFiles\cmTC_a5359.dir\build
Building C object CMakeFiles/cmTC_a5359.dir/CMakeCCompilerABI.c.obj
	C:\PROGRA~2\MICROS~2\2017\COMMUN~1\VC\Tools\MSVC\1415~1.267\bin\Hostx86\x86\cl.exe @C:\Users\hugom\AppData\Local\Temp\nm1EDC.tmp
CMakeCCompilerABI.c
Linking C executable cmTC_a5359.exe
	"C:\Program Files\JetBrains\CLion 2018.2.5\bin\cmake\win\bin\cmake.exe" -E vs_link_exe --intdir=CMakeFiles\cmTC_a5359.dir --manifests  -- C:\PROGRA~2\MICROS~2\2017\COMMUN~1\VC\Tools\MSVC\1415~1.267\bin\Hostx86\x86\link.exe /nologo @CMakeFiles\cmTC_a5359.dir\objects1.rsp @C:\Users\hugom\AppData\Local\Temp\nm1F5A.tmp




Detecting C [] compiler features compiled with the following output:
Change Dir: C:/Users/hugom/Desktop/ft_regex/cmake-build-debug/CMakeFiles/CMakeTmp

Run Build Command:"nmake" "/nologo" "cmTC_f3849\fast"
	"C:\Program Files (x86)\Microsoft Visual Studio\2017\Community\VC\Tools\MSVC\14.15.26726\bin\HostX86\x86\nmake.exe" -f CMakeFiles\cmTC_f3849.dir\build.make /nologo -L                  CMakeFiles\cmTC_f3849.dir\build
Building C object CMakeFiles/cmTC_f3849.dir/feature_tests.c.obj
	C:\PROGRA~2\MICROS~2\2017\COMMUN~1\VC\Tools\MSVC\1415~1.267\bin\Hostx86\x86\cl.exe @C:\Users\hugom\AppData\Local\Temp\nm2360.tmp
feature_tests.c
Linking C executable cmTC_f3849.exe
	"C:\Program Files\JetBrains\CLion 2018.2.5\bin\cmake\win\bin\cmake.exe" -E vs_link_exe --intdir=CMakeFiles\cmTC_f3849.dir --manifests  -- C:\PROGRA~2\MICROS~2\2017\COMMUN~1\VC\Tools\MSVC\1415~1.267\bin\Hostx86\x86\link.exe /nologo @CMakeFiles\cmTC_f3849.dir\objects1.rsp @C:\Users\hugom\AppData\Local\Temp\nm23DE.tmp


    Feature record: C_FEATURE:1c_function_prototypes
    Feature record: C_FEATURE:1c_variadic_macros
